2025-10-22 04:11:13,838 - INFO - Initialized SyntheticDataGenerator with seed=42
2025-10-22 04:11:13,838 - INFO - Downloading dataset rohitsahoo/sales-forecasting into data
2025-10-22 04:11:13,890 - WARNING - Kaggle download failed: HTTPSConnectionPool(host='www.kaggle.com', port=443): Max retries exceeded with url: /api/v1/datasets/view/rohitsahoo/sales-forecasting (Caused by NameResolutionError("<urllib3.connection.HTTPSConnection object at 0x7ed5051e87d0>: Failed to resolve 'www.kaggle.com' ([Errno -2] Name or service not known)"))
2025-10-22 04:11:13,890 - INFO - Base dataset not found; proceeding with fully synthetic data
2025-10-22 04:11:13,890 - INFO - Generating synthetic dataset with 5000 rows
2025-10-22 04:11:13,890 - INFO - Generating 5000 synthetic rows...
2025-10-22 04:11:14,261 - INFO - Successfully generated 5000 synthetic rows
2025-10-22 04:11:14,316 - INFO - Could not find local file-backed GX project
2025-10-22 04:11:14,316 - INFO - Created temporary directory '/tmp/tmpgvapcf2w' for ephemeral docs site
2025-10-22 04:11:14,317 - INFO - Loading 'datasources' ->
[]
2025-10-22 04:11:14,354 - INFO - Data quality checks success=True
2025-10-22 04:11:14,368 - INFO - Saved enriched dataset to data/sales_enriched.parquet
2025-10-22 04:11:14,370 - INFO - Saved yearly summary to data/yearly.csv
2025-10-22 04:11:14,370 - INFO - Saved segment_yearly summary to data/segment_yearly.csv
2025-10-22 04:11:14,370 - INFO - Saved regional_revenue summary to data/regional_revenue.csv
2025-10-22 04:11:14,371 - INFO - Saved top_products summary to data/top_products.csv
2025-10-22 04:11:14,371 - INFO - Saved data quality report to data/quality_report.json
2025-10-22 04:11:14,462 - INFO - Persisted analytics tables into data/sales_analytics.duckdb
2025-10-22 04:11:46,365 - INFO - Initialized SyntheticDataGenerator with seed=42
2025-10-22 04:11:46,366 - INFO - Downloading dataset rohitsahoo/sales-forecasting into data
2025-10-22 04:11:46,418 - WARNING - Kaggle download failed: HTTPSConnectionPool(host='www.kaggle.com', port=443): Max retries exceeded with url: /api/v1/datasets/view/rohitsahoo/sales-forecasting (Caused by NameResolutionError("<urllib3.connection.HTTPSConnection object at 0x7a0a3bb41ac0>: Failed to resolve 'www.kaggle.com' ([Errno -2] Name or service not known)"))
2025-10-22 04:11:46,418 - INFO - Base dataset not found; proceeding with fully synthetic data
2025-10-22 04:11:46,418 - INFO - Generating synthetic dataset with 5000 rows
2025-10-22 04:11:46,418 - INFO - Generating 5000 synthetic rows...
2025-10-22 04:11:46,788 - INFO - Successfully generated 5000 synthetic rows
2025-10-22 04:11:46,803 - INFO - Could not find local file-backed GX project
2025-10-22 04:11:46,803 - INFO - Created temporary directory '/tmp/tmp05xr32p4' for ephemeral docs site
2025-10-22 04:11:46,803 - INFO - Loading 'datasources' ->
[]
2025-10-22 04:11:46,843 - INFO - Data quality checks success=True
2025-10-22 04:11:46,847 - INFO - Saved enriched dataset to data/sales_enriched.parquet
2025-10-22 04:11:46,847 - INFO - Saved yearly summary to data/yearly.csv
2025-10-22 04:11:46,848 - INFO - Saved segment_yearly summary to data/segment_yearly.csv
2025-10-22 04:11:46,848 - INFO - Saved regional_revenue summary to data/regional_revenue.csv
2025-10-22 04:11:46,848 - INFO - Saved top_products summary to data/top_products.csv
2025-10-22 04:11:46,848 - INFO - Saved data quality report to data/quality_report.json
2025-10-22 04:11:46,911 - INFO - Persisted analytics tables into data/sales_analytics.duckdb
